<?xml version="1.0" encoding="utf-8"?><testsuites><testsuite name="pytest" errors="0" failures="0" skipped="0" tests="7" time="11.039" timestamp="2024-12-23T17:32:24.264739-05:00" hostname="CO000PW35QD20XW"><testcase classname="tests.model.test_model.TestModel" name="test_load_model" time="0.169" /><testcase classname="tests.model.test_model.TestModel" name="test_load_model_error" time="0.162" /><testcase classname="tests.model.test_model.TestModel" name="test_model_fit" time="2.918" /><testcase classname="tests.model.test_model.TestModel" name="test_model_predict" time="2.953" /><testcase classname="tests.model.test_model.TestModel" name="test_model_predict_error" time="0.157" /><testcase classname="tests.model.test_model.TestModel" name="test_model_preprocess_for_serving" time="0.160" /><testcase classname="tests.model.test_model.TestModel" name="test_model_preprocess_for_training" time="2.860" /></testsuite></testsuites>
