<?xml version="1.0" encoding="utf-8"?><testsuites><testsuite name="pytest" errors="0" failures="0" skipped="0" tests="5" time="11.346" timestamp="2024-12-22T11:29:22.952555-05:00" hostname="CO000PW35QD20XW"><testcase classname="tests.model.test_model.TestModel" name="test_model_fit" time="3.085" /><testcase classname="tests.model.test_model.TestModel" name="test_model_predict" time="3.080" /><testcase classname="tests.model.test_model.TestModel" name="test_model_predict_error" time="0.156" /><testcase classname="tests.model.test_model.TestModel" name="test_model_preprocess_for_serving" time="0.162" /><testcase classname="tests.model.test_model.TestModel" name="test_model_preprocess_for_training" time="3.028" /></testsuite></testsuites>
